import logging

logging.basicConfig(filename='logs/app.log', level=logging.INFO)

logging.info('This is an info message')
logging.error('This is an error message')
2024-08-24 13:45:55 - INFO - 开始监控操作触发
2024-08-24 13:45:56 - INFO - 停止监控操作触发
2024-08-24 13:45:58 - INFO - 尝试提前登录主账号: 
2024-08-24 13:45:59 - INFO - 关闭浏览器操作触发
2024-08-24 13:46:00 - INFO - 保存cookie操作触发
2024-08-24 13:46:00 - INFO - 查询ck数量操作触发
2024-08-24 13:46:06 - INFO - 开始监控操作触发
2024-08-24 13:46:06 - INFO - 停止监控操作触发
2024-08-24 13:46:07 - INFO - 尝试提前登录主账号: 
2024-08-24 13:46:08 - INFO - 关闭浏览器操作触发
2024-08-24 13:59:42 - INFO - Starting the registration process.
2024-08-24 14:10:22 - INFO - Starting the registration process.
2024-08-24 14:25:11 - INFO - Starting the registration process.
2024-08-24 14:25:13 - INFO - Email and password filled.
2024-08-24 14:25:13 - INFO - Registration checkbox selected.
2024-08-24 14:25:13 - INFO - Registration button clicked.
2024-08-24 14:25:26 - ERROR - An error occurred during registration: Message: 

2024-08-24 14:26:47 - INFO - Starting the registration process.
2024-08-24 14:26:51 - INFO - Email and password filled.
2024-08-24 14:26:51 - INFO - Registration checkbox selected.
2024-08-24 14:26:51 - INFO - Registration button clicked.
2024-08-24 14:27:05 - ERROR - An error occurred during registration: Message: 

2024-08-24 14:27:47 - INFO - Browser closed after registration.
2024-08-24 14:29:33 - INFO - Starting the registration process.
2024-08-24 14:29:38 - INFO - Email and password filled.
2024-08-24 14:29:38 - INFO - Registration checkbox selected.
2024-08-24 14:29:41 - INFO - Registration button clicked.
2024-08-24 14:29:44 - INFO - Verification code entered successfully.
2024-08-24 14:35:56 - INFO - 启动监听线程...
2024-08-24 14:35:56 - INFO - 线程 2 正在运行...
2024-08-24 14:35:56 - INFO - 线程 1 正在运行...
2024-08-24 14:35:57 - INFO - 启动监听线程...
2024-08-24 14:35:57 - INFO - 线程 1 正在运行...
2024-08-24 14:35:57 - INFO - 线程 2 正在运行...
2024-08-24 14:35:58 - INFO - 启动监听线程...
2024-08-24 14:35:58 - INFO - 线程 1 正在运行...
2024-08-24 14:35:58 - INFO - 线程 2 正在运行...
2024-08-24 14:36:01 - INFO - 线程 2 已完成任务
2024-08-24 14:36:01 - INFO - 线程 1 已完成任务
2024-08-24 14:36:02 - INFO - 线程 1 已完成任务
2024-08-24 14:36:02 - INFO - 线程 2 已完成任务
2024-08-24 14:36:03 - INFO - 线程 2 已完成任务
2024-08-24 14:36:03 - INFO - 线程 1 已完成任务
2024-08-24 14:36:10 - INFO - 启动监听线程...
2024-08-24 14:36:10 - INFO - 线程 1 正在运行...
2024-08-24 14:36:10 - INFO - 线程 2 正在运行...
2024-08-24 14:36:15 - INFO - 线程 1 已完成任务
2024-08-24 14:36:15 - INFO - 线程 2 已完成任务
2024-08-24 14:41:48 - INFO - 启动监听线程...
2024-08-24 14:41:48 - INFO - 线程 1 正在运行...
2024-08-24 14:41:48 - INFO - 线程 2 正在运行...
2024-08-24 14:41:49 - INFO - 启动监听线程...
2024-08-24 14:41:49 - INFO - 线程 2 正在运行...
2024-08-24 14:41:49 - INFO - 线程 1 正在运行...
2024-08-24 14:43:05 - INFO - 导入了 2 个账号
2024-08-24 14:43:10 - INFO - 导入了 2 个代理
2024-08-24 14:43:15 - INFO - 导入了 2 个商品链接
2024-08-24 14:46:51 - INFO - 加载账号配置文件时出错: [Errno 2] No such file or directory: 'app/config/accounts.json'
2024-08-24 14:46:51 - INFO - 加载代理配置文件时出错: [Errno 2] No such file or directory: 'app/config/proxies.json'
2024-08-24 14:46:51 - INFO - 加载商品链接配置文件时出错: [Errno 2] No such file or directory: 'app/config/links.json'
2024-08-24 14:47:21 - INFO - 加载账号配置文件时出错: [Errno 2] No such file or directory: 'app/config/accounts.json'
2024-08-24 14:47:21 - INFO - 加载代理配置文件时出错: [Errno 2] No such file or directory: 'app/config/proxies.json'
2024-08-24 14:47:21 - INFO - 加载商品链接配置文件时出错: [Errno 2] No such file or directory: 'app/config/links.json'
2024-08-24 14:51:06 - INFO - 加载账号配置文件时出错: [Errno 2] No such file or directory: 'E:\\Projects\\Idea\\python\\automation_app\\app/config\\accounts.json'
2024-08-24 14:51:06 - INFO - 加载代理配置文件时出错: [Errno 2] No such file or directory: 'E:\\Projects\\Idea\\python\\automation_app\\app/config\\proxies.json'
2024-08-24 14:51:06 - INFO - 加载商品链接配置文件时出错: [Errno 2] No such file or directory: 'E:\\Projects\\Idea\\python\\automation_app\\app/config\\links.json'
2024-08-24 14:51:36 - INFO - 加载账号配置文件时出错: [Errno 2] No such file or directory: 'E:\\Projects\\Idea\\python\\automation_app\\app\\config\\accounts.json'
2024-08-24 14:51:36 - INFO - 加载代理配置文件时出错: [Errno 2] No such file or directory: 'E:\\Projects\\Idea\\python\\automation_app\\app\\config\\proxies.json'
2024-08-24 14:51:36 - INFO - 加载商品链接配置文件时出错: [Errno 2] No such file or directory: 'E:\\Projects\\Idea\\python\\automation_app\\app\\config\\links.json'
2024-08-24 14:54:16 - INFO - 加载账号配置文件时出错: [Errno 2] No such file or directory: 'E:/Projects/Idea/python/automation_app/app/config/accounts.json'
2024-08-24 14:54:16 - INFO - 加载代理配置文件时出错: [Errno 2] No such file or directory: 'E:/Projects/Idea/python/automation_app/app/config/proxies.json'
2024-08-24 14:54:16 - INFO - 加载商品链接配置文件时出错: [Errno 2] No such file or directory: 'E:/Projects/Idea/python/automation_app/app/config/links.json'
2024-08-24 14:56:04 - INFO - 加载账号配置文件时出错: [Errno 2] No such file or directory: 'E:\\Projects\\Idea\\python\\automation_app\\app\\config\\accounts.json'
2024-08-24 14:56:04 - INFO - 加载代理配置文件时出错: [Errno 2] No such file or directory: 'E:\\Projects\\Idea\\python\\automation_app\\app\\config\\proxies.json'
2024-08-24 14:56:04 - INFO - 加载商品链接配置文件时出错: [Errno 2] No such file or directory: 'E:\\Projects\\Idea\\python\\automation_app\\app\\config\\links.json'
2024-08-24 14:56:27 - INFO - 加载账号配置文件时出错: [Errno 2] No such file or directory: 'E:\\Projects\\Idea\\python\\automation_app\\app\\config\\accounts.json'
2024-08-24 14:56:27 - INFO - 加载代理配置文件时出错: [Errno 2] No such file or directory: 'E:\\Projects\\Idea\\python\\automation_app\\app\\config\\proxies.json'
2024-08-24 14:56:27 - INFO - 加载商品链接配置文件时出错: [Errno 2] No such file or directory: 'E:\\Projects\\Idea\\python\\automation_app\\app\\config\\links.json'
2024-08-24 14:56:42 - INFO - 加载账号配置文件时出错: [Errno 2] No such file or directory: 'E:\\Projects\\Idea\\python\\automation_app\\app\\config\\accounts.json'
2024-08-24 14:56:42 - INFO - 加载代理配置文件时出错: [Errno 2] No such file or directory: 'E:\\Projects\\Idea\\python\\automation_app\\app\\config\\proxies.json'
2024-08-24 14:56:42 - INFO - 加载商品链接配置文件时出错: [Errno 2] No such file or directory: 'E:\\Projects\\Idea\\python\\automation_app\\app\\config\\links.json'
2024-08-24 14:58:31 - INFO - 自动加载了 2 个账号
2024-08-24 14:58:31 - INFO - 自动加载了 2 个代理
2024-08-24 14:58:31 - INFO - 自动加载了 2 个商品链接
2024-08-24 14:58:49 - INFO - 自动加载了 2 个账号
2024-08-24 14:58:49 - INFO - 自动加载了 2 个代理
2024-08-24 14:58:49 - INFO - 自动加载了 2 个商品链接
2024-08-24 14:59:04 - INFO - 自动加载了 2 个账号
2024-08-24 14:59:04 - INFO - 自动加载了 2 个代理
2024-08-24 14:59:04 - INFO - 自动加载了 2 个商品链接
2024-08-24 14:59:29 - INFO - 自动加载了 2 个账号
2024-08-24 14:59:29 - INFO - 自动加载了 2 个代理
2024-08-24 14:59:29 - INFO - 自动加载了 2 个商品链接
2024-08-24 14:59:39 - INFO - 修改了表格中的一行
2024-08-24 14:59:44 - INFO - 修改了表格中的一行
2024-08-24 14:59:47 - INFO - 修改了表格中的一行
2024-08-24 14:59:51 - INFO - 修改了表格中的一行
2024-08-24 14:59:55 - INFO - 修改了表格中的一行
2024-08-24 15:01:46 - INFO - 自动加载了 2 个账号
2024-08-24 15:01:46 - INFO - 自动加载了 2 个代理
2024-08-24 15:01:46 - INFO - 自动加载了 2 个商品链接
2024-08-24 15:01:53 - INFO - 修改了表格中的一个单元格
2024-08-24 15:01:57 - INFO - 修改了表格中的一个单元格
2024-08-24 15:02:01 - INFO - 修改了表格中的一个单元格
2024-08-24 15:03:50 - INFO - 自动加载了 2 个账号
2024-08-24 15:03:50 - INFO - 自动加载了 2 个代理
2024-08-24 15:03:50 - INFO - 自动加载了 2 个商品链接
2024-08-24 15:03:56 - INFO - 账号配置文件已保存
2024-08-24 15:03:56 - INFO - 代理配置文件已保存
2024-08-24 15:03:56 - INFO - 商品链接配置文件已保存
2024-08-24 15:03:56 - INFO - 修改了表格中的一个单元格并已保存
2024-08-24 15:04:03 - INFO - 自动加载了 2 个账号
2024-08-24 15:04:03 - INFO - 自动加载了 2 个代理
2024-08-24 15:04:03 - INFO - 自动加载了 2 个商品链接
2024-08-24 15:04:24 - INFO - 自动加载了 2 个账号
2024-08-24 15:04:24 - INFO - 自动加载了 2 个代理
2024-08-24 15:04:24 - INFO - 自动加载了 2 个商品链接
2024-08-24 15:11:17 - INFO - 自动加载了 2 个账号
2024-08-24 15:11:17 - INFO - 自动加载了 2 个代理
2024-08-24 15:11:17 - INFO - 自动加载了 2 个商品链接
2024-08-24 15:11:32 - INFO - 账号配置文件已保存
2024-08-24 15:11:32 - INFO - 代理配置文件已保存
2024-08-24 15:11:32 - INFO - 商品链接配置文件已保存
2024-08-24 15:11:32 - INFO - 修改了表格中的一个单元格并已保存
2024-08-24 15:11:45 - INFO - 账号配置文件已保存
2024-08-24 15:11:45 - INFO - 代理配置文件已保存
2024-08-24 15:11:45 - INFO - 商品链接配置文件已保存
2024-08-24 15:11:45 - INFO - 修改了表格中的一个单元格并已保存
2024-08-24 15:11:58 - INFO - 账号配置文件已保存
2024-08-24 15:11:58 - INFO - 代理配置文件已保存
2024-08-24 15:11:58 - INFO - 商品链接配置文件已保存
2024-08-24 15:11:58 - INFO - 修改了表格中的一个单元格并已保存
2024-08-24 15:12:04 - INFO - 账号配置文件已保存
2024-08-24 15:12:04 - INFO - 代理配置文件已保存
2024-08-24 15:12:04 - INFO - 商品链接配置文件已保存
2024-08-24 15:12:04 - INFO - 修改了表格中的一个单元格并已保存
2024-08-24 15:21:33 - INFO - 自动加载了 2 个账号
2024-08-24 15:21:33 - INFO - 自动加载了 2 个代理
2024-08-24 15:21:33 - INFO - 自动加载了 2 个商品链接
2024-08-24 15:21:54 - INFO - 启动监听线程...
2024-08-24 15:22:12 - INFO - 自动加载了 2 个账号
2024-08-24 15:22:12 - INFO - 自动加载了 2 个代理
2024-08-24 15:22:12 - INFO - 自动加载了 2 个商品链接
2024-08-24 15:22:15 - INFO - 启动监听线程...
2024-08-24 15:26:08 - INFO - 自动加载了 2 个账号
2024-08-24 15:26:08 - INFO - 自动加载了 2 个代理
2024-08-24 15:26:08 - INFO - 自动加载了 2 个商品链接
2024-08-24 15:26:11 - INFO - 启动监听线程...
2024-08-24 15:26:17 - INFO - 自动加载了 2 个账号
2024-08-24 15:26:17 - INFO - 自动加载了 2 个代理
2024-08-24 15:26:17 - INFO - 自动加载了 2 个商品链接
2024-08-24 15:26:19 - INFO - 注册线程启动...
2024-08-24 15:26:19 - INFO - 找到 2 个未注册账号
2024-08-24 15:26:21 - INFO - 账号 user2@example.com 注册成功
2024-08-24 15:26:21 - INFO - 账号 user1@example.com 注册成功
2024-08-24 15:26:21 - INFO - 所有账号注册完成
2024-08-24 15:27:48 - INFO - 启动监听线程...
2024-08-24 15:28:22 - INFO - 自动加载了 2 个账号
2024-08-24 15:28:22 - INFO - 自动加载了 2 个代理
2024-08-24 15:28:22 - INFO - 自动加载了 2 个商品链接
2024-08-24 15:46:43 - INFO - 注册线程启动...
2024-08-24 15:46:43 - INFO - 找到 2 个未注册账号
2024-08-24 15:46:45 - INFO - 账号 user2@example.com 注册成功
2024-08-24 15:46:45 - INFO - 账号 user1@example.com 注册成功
2024-08-24 15:46:45 - INFO - 所有账号注册完成
2024-08-24 15:51:17 - INFO - 自动加载了 2 个账号
2024-08-24 15:51:17 - INFO - 自动加载了 2 个代理
2024-08-24 15:51:17 - INFO - 自动加载了 2 个商品链接
2024-08-24 15:51:39 - INFO - 注册线程启动...
2024-08-24 15:51:39 - INFO - 找到 2 个未注册账号
2024-08-24 15:51:41 - INFO - 账号 user2@example.com 注册成功
2024-08-24 15:51:41 - INFO - 账号 user1@example.com 注册成功
2024-08-24 15:51:41 - INFO - 所有账号注册完成
2024-08-24 15:56:20 - INFO - 自动加载了 2 个账号
2024-08-24 15:56:20 - INFO - 自动加载了 2 个代理
2024-08-24 15:56:20 - INFO - 自动加载了 2 个商品链接
2024-08-24 15:56:24 - INFO - 注册线程启动...
2024-08-24 15:56:24 - INFO - 找到 2 个未注册账号
2024-08-24 15:56:26 - INFO - 账号 user2@example.com 注册成功
2024-08-24 15:56:26 - INFO - 用户信息配置文件已更新
2024-08-24 15:56:26 - INFO - 账号 user1@example.com 注册成功
2024-08-24 15:56:26 - INFO - 用户信息配置文件已更新
2024-08-24 15:56:26 - INFO - 所有账号注册完成
2024-08-24 15:56:26 - INFO - 用户信息配置文件已更新
2024-08-24 15:56:36 - INFO - 自动加载了 2 个账号
2024-08-24 15:56:36 - INFO - 自动加载了 2 个代理
2024-08-24 15:56:36 - INFO - 自动加载了 2 个商品链接
2024-08-24 15:56:38 - INFO - 注册线程启动...
2024-08-24 15:56:38 - INFO - 找到 0 个未注册账号
2024-08-24 15:56:38 - INFO - 所有账号注册完成
2024-08-24 15:56:38 - INFO - 用户信息配置文件已更新
2024-08-24 15:59:46 - INFO - 自动加载了 2 个账号
2024-08-24 15:59:46 - INFO - 自动加载了 2 个代理
2024-08-24 15:59:46 - INFO - 自动加载了 2 个商品链接
2024-08-24 16:00:45 - INFO - 自动加载了 5 个账号
2024-08-24 16:00:45 - INFO - 自动加载了 2 个代理
2024-08-24 16:00:45 - INFO - 自动加载了 2 个商品链接
2024-08-24 16:00:49 - INFO - 注册线程启动...
2024-08-24 16:00:49 - INFO - 找到 5 个未注册账号
2024-08-24 16:00:51 - INFO - 账号 user5@example.com 注册成功
2024-08-24 16:00:51 - INFO - 用户信息配置文件已更新
2024-08-24 16:00:51 - INFO - 账号 user4@example.com 注册成功
2024-08-24 16:00:51 - INFO - 账号 user1@example.com 注册成功
2024-08-24 16:00:51 - INFO - 用户信息配置文件已更新
2024-08-24 16:00:51 - INFO - 账号 user3@example.com 注册成功
2024-08-24 16:00:51 - INFO - 加载账号配置文件时出错: Expecting value: line 1 column 1 (char 0)
2024-08-24 16:00:51 - INFO - 用户信息配置文件已更新
2024-08-24 16:00:51 - INFO - 账号 user2@example.com 注册成功
2024-08-24 16:00:51 - INFO - 用户信息配置文件已更新
2024-08-24 16:00:51 - INFO - 自动加载了 2 个代理
2024-08-24 16:00:51 - INFO - 用户信息配置文件已更新
2024-08-24 16:00:51 - INFO - 所有账号注册完成
2024-08-24 16:00:51 - INFO - 自动加载了 2 个商品链接
2024-08-24 16:00:51 - INFO - 用户信息配置文件已更新
2024-08-24 16:00:51 - INFO - 自动加载了 5 个账号
2024-08-24 16:00:51 - INFO - 自动加载了 2 个代理
2024-08-24 16:00:51 - INFO - 自动加载了 2 个商品链接
2024-08-24 16:00:51 - INFO - 自动加载了 5 个账号
2024-08-24 16:00:51 - INFO - 自动加载了 2 个代理
2024-08-24 16:00:51 - INFO - 自动加载了 2 个商品链接
2024-08-24 16:00:51 - INFO - 自动加载了 5 个账号
2024-08-24 16:00:51 - INFO - 自动加载了 2 个代理
2024-08-24 16:00:51 - INFO - 自动加载了 2 个商品链接
2024-08-24 16:00:51 - INFO - 自动加载了 5 个账号
2024-08-24 16:00:51 - INFO - 自动加载了 2 个代理
2024-08-24 16:00:51 - INFO - 自动加载了 2 个商品链接
2024-08-24 16:00:51 - INFO - 自动加载了 5 个账号
2024-08-24 16:00:51 - INFO - 自动加载了 2 个代理
2024-08-24 16:00:51 - INFO - 自动加载了 2 个商品链接
2024-08-24 16:08:11 - INFO - 自动加载了 5 个账号
2024-08-24 16:08:11 - INFO - 自动加载了 2 个代理
2024-08-24 16:08:11 - INFO - 自动加载了 2 个商品链接
2024-08-24 16:08:35 - INFO - 自动加载了 5 个账号
2024-08-24 16:08:35 - INFO - 自动加载了 2 个代理
2024-08-24 16:08:35 - INFO - 自动加载了 2 个商品链接
2024-08-24 16:08:39 - INFO - 注册线程启动...
2024-08-24 16:08:39 - INFO - 找到 5 个未注册账号
2024-08-24 16:08:41 - INFO - 账号 user1@example.com 注册成功
2024-08-24 16:08:41 - INFO - 账号 user2@example.com 注册成功
2024-08-24 16:08:41 - INFO - 账号 user3@example.com 注册成功
2024-08-24 16:08:41 - INFO - 账号 user4@example.com 注册成功
2024-08-24 16:08:41 - INFO - 账号 user5@example.com 注册成功
2024-08-24 16:08:41 - INFO - 所有账号注册完成
2024-08-24 16:10:21 - INFO - 自动加载了 5 个账号
2024-08-24 16:10:21 - INFO - 自动加载了 2 个代理
2024-08-24 16:10:21 - INFO - 自动加载了 2 个商品链接
2024-08-24 16:10:27 - INFO - 注册线程启动...
2024-08-24 16:10:27 - INFO - 找到 5 个未注册账号
2024-08-24 16:10:29 - INFO - 账号 user2@example.com 注册成功
2024-08-24 16:10:29 - INFO - 账号 user1@example.com 注册成功
2024-08-24 16:10:29 - INFO - 账号 user4@example.com 注册成功
2024-08-24 16:10:29 - INFO - 账号配置文件已保存
2024-08-24 16:10:29 - INFO - 代理配置文件已保存
2024-08-24 16:10:29 - INFO - 账号 user3@example.com 注册成功
2024-08-24 16:10:29 - INFO - 账号 user5@example.com 注册成功
2024-08-24 16:10:29 - INFO - 商品链接配置文件已保存
2024-08-24 16:10:29 - INFO - 所有账号注册完成
2024-08-24 16:10:29 - INFO - 账号配置文件已保存
2024-08-24 16:10:29 - INFO - 代理配置文件已保存
2024-08-24 16:10:29 - INFO - 商品链接配置文件已保存
2024-08-24 16:10:29 - INFO - 账号配置文件已保存
2024-08-24 16:10:29 - INFO - 代理配置文件已保存
2024-08-24 16:10:29 - INFO - 商品链接配置文件已保存
2024-08-24 16:10:29 - INFO - 账号配置文件已保存
2024-08-24 16:10:29 - INFO - 代理配置文件已保存
2024-08-24 16:10:29 - INFO - 商品链接配置文件已保存
2024-08-24 16:10:29 - INFO - 账号配置文件已保存
2024-08-24 16:10:29 - INFO - 代理配置文件已保存
2024-08-24 16:10:29 - INFO - 商品链接配置文件已保存
2024-08-24 16:10:29 - INFO - 账号配置文件已保存
2024-08-24 16:10:29 - INFO - 代理配置文件已保存
2024-08-24 16:10:29 - INFO - 商品链接配置文件已保存
2024-08-24 16:10:29 - INFO - 自动加载了 5 个账号
2024-08-24 16:10:29 - INFO - 自动加载了 2 个代理
2024-08-24 16:10:29 - INFO - 自动加载了 2 个商品链接
2024-08-24 16:11:46 - INFO - 注册线程启动...
2024-08-24 16:11:46 - INFO - 找到 0 个未注册账号
2024-08-24 16:11:46 - INFO - 所有账号注册完成
2024-08-24 16:11:46 - INFO - 账号配置文件已保存
2024-08-24 16:11:46 - INFO - 代理配置文件已保存
2024-08-24 16:11:46 - INFO - 商品链接配置文件已保存
2024-08-24 16:11:46 - INFO - 自动加载了 5 个账号
2024-08-24 16:11:46 - INFO - 自动加载了 2 个代理
2024-08-24 16:11:46 - INFO - 自动加载了 2 个商品链接
2024-08-24 16:11:55 - INFO - 注册线程启动...
2024-08-24 16:11:55 - INFO - 找到 0 个未注册账号
2024-08-24 16:11:55 - INFO - 所有账号注册完成
2024-08-24 16:11:55 - INFO - 账号配置文件已保存
2024-08-24 16:11:55 - INFO - 代理配置文件已保存
2024-08-24 16:11:55 - INFO - 商品链接配置文件已保存
2024-08-24 16:11:55 - INFO - 自动加载了 5 个账号
2024-08-24 16:11:55 - INFO - 自动加载了 2 个代理
2024-08-24 16:11:55 - INFO - 自动加载了 2 个商品链接
2024-08-24 16:12:27 - INFO - 账号配置文件已保存
2024-08-24 16:12:27 - INFO - 代理配置文件已保存
2024-08-24 16:12:27 - INFO - 商品链接配置文件已保存
2024-08-24 16:12:37 - INFO - 自动加载了 5 个账号
2024-08-24 16:12:37 - INFO - 自动加载了 2 个代理
2024-08-24 16:12:37 - INFO - 自动加载了 2 个商品链接
2024-08-24 16:12:43 - INFO - 注册线程启动...
2024-08-24 16:12:43 - INFO - 找到 5 个未注册账号
2024-08-24 16:12:45 - INFO - 账号 user1@example.com 注册成功
2024-08-24 16:12:45 - INFO - 账号 user3@example.com 注册成功
2024-08-24 16:12:45 - INFO - 账号 user2@example.com 注册成功
2024-08-24 16:12:45 - INFO - 账号配置文件已保存
2024-08-24 16:12:45 - INFO - 代理配置文件已保存
2024-08-24 16:12:45 - INFO - 商品链接配置文件已保存
2024-08-24 16:12:45 - INFO - 账号配置文件已保存
2024-08-24 16:12:45 - INFO - 代理配置文件已保存
2024-08-24 16:12:45 - INFO - 商品链接配置文件已保存
2024-08-24 16:12:45 - INFO - 账号配置文件已保存
2024-08-24 16:12:45 - INFO - 代理配置文件已保存
2024-08-24 16:12:45 - INFO - 商品链接配置文件已保存
2024-08-24 16:12:45 - INFO - 账号 user5@example.com 注册成功
2024-08-24 16:12:45 - INFO - 账号 user4@example.com 注册成功
2024-08-24 16:12:45 - INFO - 账号配置文件已保存
2024-08-24 16:12:45 - INFO - 代理配置文件已保存
2024-08-24 16:12:45 - INFO - 商品链接配置文件已保存
2024-08-24 16:12:45 - INFO - 账号配置文件已保存
2024-08-24 16:12:45 - INFO - 代理配置文件已保存
2024-08-24 16:12:45 - INFO - 所有账号注册完成
2024-08-24 16:12:45 - INFO - 商品链接配置文件已保存
2024-08-24 16:12:45 - INFO - 账号配置文件已保存
2024-08-24 16:12:45 - INFO - 代理配置文件已保存
2024-08-24 16:12:45 - INFO - 商品链接配置文件已保存
2024-08-24 16:12:45 - INFO - 自动加载了 5 个账号
2024-08-24 16:12:45 - INFO - 自动加载了 2 个代理
2024-08-24 16:12:45 - INFO - 自动加载了 2 个商品链接
2024-08-24 16:15:00 - INFO - 自动加载了 5 个账号
2024-08-24 16:15:00 - INFO - 自动加载了 2 个代理
2024-08-24 16:15:00 - INFO - 自动加载了 2 个商品链接
2024-08-24 16:15:04 - INFO - 注册线程启动...
2024-08-24 16:15:04 - INFO - 找到 0 个未注册账号
2024-08-24 16:15:04 - INFO - 所有账号注册完成
2024-08-24 16:15:04 - INFO - 账号配置文件已保存
2024-08-24 16:15:04 - INFO - 代理配置文件已保存
2024-08-24 16:15:04 - INFO - 商品链接配置文件已保存
2024-08-24 16:15:04 - INFO - 自动加载了 5 个账号
2024-08-24 16:15:04 - INFO - 自动加载了 2 个代理
2024-08-24 16:15:04 - INFO - 自动加载了 2 个商品链接
2024-08-24 16:15:18 - INFO - 注册线程启动...
2024-08-24 16:15:18 - INFO - 找到 0 个未注册账号
2024-08-24 16:15:18 - INFO - 所有账号注册完成
2024-08-24 16:15:18 - INFO - 账号配置文件已保存
2024-08-24 16:15:18 - INFO - 代理配置文件已保存
2024-08-24 16:15:18 - INFO - 商品链接配置文件已保存
2024-08-24 16:15:18 - INFO - 自动加载了 5 个账号
2024-08-24 16:15:18 - INFO - 自动加载了 2 个代理
2024-08-24 16:15:18 - INFO - 自动加载了 2 个商品链接
2024-08-24 16:15:27 - INFO - 注册线程启动...
2024-08-24 16:15:27 - INFO - 找到 0 个未注册账号
2024-08-24 16:15:27 - INFO - 所有账号注册完成
2024-08-24 16:15:27 - INFO - 账号配置文件已保存
2024-08-24 16:15:27 - INFO - 代理配置文件已保存
2024-08-24 16:15:27 - INFO - 商品链接配置文件已保存
2024-08-24 16:15:27 - INFO - 自动加载了 5 个账号
2024-08-24 16:15:27 - INFO - 自动加载了 2 个代理
2024-08-24 16:15:27 - INFO - 自动加载了 2 个商品链接
2024-08-24 16:15:40 - INFO - 自动加载了 5 个账号
2024-08-24 16:15:40 - INFO - 自动加载了 2 个代理
2024-08-24 16:15:40 - INFO - 自动加载了 2 个商品链接
2024-08-24 16:15:44 - INFO - 注册线程启动...
2024-08-24 16:15:44 - INFO - 找到 5 个未注册账号
2024-08-24 16:15:46 - INFO - 账号 user4@example.com 注册成功
2024-08-24 16:15:46 - INFO - 账号 user5@example.com 注册成功
2024-08-24 16:15:46 - INFO - 账号 user3@example.com 注册成功
2024-08-24 16:15:46 - INFO - 账号 user2@example.com 注册成功
2024-08-24 16:15:46 - INFO - 账号 user1@example.com 注册成功
2024-08-24 16:15:46 - INFO - 所有账号注册完成
2024-08-24 16:15:46 - INFO - 账号配置文件已保存
2024-08-24 16:15:46 - INFO - 代理配置文件已保存
2024-08-24 16:15:46 - INFO - 商品链接配置文件已保存
2024-08-24 16:15:46 - INFO - 账号配置文件已保存
2024-08-24 16:15:46 - INFO - 代理配置文件已保存
2024-08-24 16:15:46 - INFO - 商品链接配置文件已保存
2024-08-24 16:15:46 - INFO - 账号配置文件已保存
2024-08-24 16:15:46 - INFO - 代理配置文件已保存
2024-08-24 16:15:46 - INFO - 商品链接配置文件已保存
2024-08-24 16:15:46 - INFO - 账号配置文件已保存
2024-08-24 16:15:46 - INFO - 代理配置文件已保存
2024-08-24 16:15:46 - INFO - 商品链接配置文件已保存
2024-08-24 16:15:46 - INFO - 账号配置文件已保存
2024-08-24 16:15:46 - INFO - 代理配置文件已保存
2024-08-24 16:15:46 - INFO - 商品链接配置文件已保存
2024-08-24 16:15:46 - INFO - 账号配置文件已保存
2024-08-24 16:15:46 - INFO - 代理配置文件已保存
2024-08-24 16:15:46 - INFO - 商品链接配置文件已保存
2024-08-24 16:15:46 - INFO - 自动加载了 5 个账号
2024-08-24 16:15:46 - INFO - 自动加载了 2 个代理
2024-08-24 16:15:46 - INFO - 自动加载了 2 个商品链接
2024-08-24 16:32:35 - INFO - 自动加载了 5 个账号
2024-08-24 16:32:35 - INFO - 自动加载了 2 个代理
2024-08-24 16:32:35 - INFO - 自动加载了 2 个商品链接
2024-08-24 16:32:40 - INFO - 注册线程启动...
2024-08-24 16:32:40 - INFO - 找到 0 个未注册账号
2024-08-24 16:32:40 - INFO - 所有账号注册完成
2024-08-24 16:32:40 - INFO - 账号配置文件已保存
2024-08-24 16:32:40 - INFO - 代理配置文件已保存
2024-08-24 16:32:40 - INFO - 商品链接配置文件已保存
2024-08-24 16:32:40 - INFO - 自动加载了 5 个账号
2024-08-24 16:32:40 - INFO - 自动加载了 2 个代理
2024-08-24 16:32:40 - INFO - 自动加载了 2 个商品链接
2024-08-24 16:33:14 - INFO - 自动加载了 5 个账号
2024-08-24 16:33:14 - INFO - 自动加载了 2 个代理
2024-08-24 16:33:14 - INFO - 自动加载了 2 个商品链接
2024-08-24 16:33:16 - INFO - 注册线程启动...
2024-08-24 16:33:16 - INFO - 找到 5 个未注册账号
2024-08-24 16:33:18 - INFO - 账号 user2@example.com 注册成功
2024-08-24 16:33:18 - INFO - 账号 user1@example.com 注册成功
2024-08-24 16:33:18 - INFO - 账号 user5@example.com 注册成功
2024-08-24 16:33:18 - INFO - 账号 user3@example.com 注册成功
2024-08-24 16:33:18 - INFO - 账号 user4@example.com 注册成功
2024-08-24 16:33:20 - INFO - 账号 user5@example.com 下单完成
2024-08-24 16:33:20 - INFO - 账号 user2@example.com 下单完成
2024-08-24 16:33:20 - INFO - 账号 user1@example.com 下单完成
2024-08-24 16:33:20 - INFO - 账号 user3@example.com 下单完成
2024-08-24 16:33:20 - INFO - 账号 user4@example.com 下单完成
2024-08-24 16:33:22 - INFO - 账号 user4@example.com 支付完成
2024-08-24 16:33:22 - INFO - 账号 user1@example.com 支付完成
2024-08-24 16:33:22 - INFO - 账号 user2@example.com 支付完成
2024-08-24 16:33:22 - INFO - 账号 user3@example.com 支付完成
2024-08-24 16:33:22 - INFO - 账号 user5@example.com 支付完成
2024-08-24 16:33:22 - INFO - 账号配置文件已保存
2024-08-24 16:33:22 - INFO - 所有账号注册完成
2024-08-24 16:33:22 - INFO - 代理配置文件已保存
2024-08-24 16:33:22 - INFO - 商品链接配置文件已保存
2024-08-24 16:33:22 - INFO - 账号配置文件已保存
2024-08-24 16:33:22 - INFO - 代理配置文件已保存
2024-08-24 16:33:22 - INFO - 商品链接配置文件已保存
2024-08-24 16:33:22 - INFO - 账号配置文件已保存
2024-08-24 16:33:22 - INFO - 代理配置文件已保存
2024-08-24 16:33:22 - INFO - 商品链接配置文件已保存
2024-08-24 16:33:22 - INFO - 账号配置文件已保存
2024-08-24 16:33:22 - INFO - 代理配置文件已保存
2024-08-24 16:33:22 - INFO - 商品链接配置文件已保存
2024-08-24 16:33:22 - INFO - 账号配置文件已保存
2024-08-24 16:33:22 - INFO - 代理配置文件已保存
2024-08-24 16:33:22 - INFO - 商品链接配置文件已保存
2024-08-24 16:33:22 - INFO - 账号配置文件已保存
2024-08-24 16:33:22 - INFO - 代理配置文件已保存
2024-08-24 16:33:22 - INFO - 商品链接配置文件已保存
2024-08-24 16:33:22 - INFO - 自动加载了 5 个账号
2024-08-24 16:33:22 - INFO - 自动加载了 2 个代理
2024-08-24 16:33:22 - INFO - 自动加载了 2 个商品链接
2024-08-24 16:39:13 - INFO - 自动加载了 5 个账号
2024-08-24 16:39:13 - INFO - 自动加载了 2 个代理
2024-08-24 16:39:13 - INFO - 自动加载了 2 个商品链接
2024-08-24 16:41:47 - INFO - 自动加载了 5 个账号
2024-08-24 16:41:47 - INFO - 自动加载了 2 个代理
2024-08-24 16:41:47 - INFO - 自动加载了 2 个商品链接
2024-08-24 19:03:06 - INFO - 自动加载了 5 个账号
2024-08-24 19:03:06 - INFO - 自动加载了 2 个代理
2024-08-24 19:03:06 - INFO - 自动加载了 2 个商品链接
